Arguments: 
  /usr/local/bin/node /usr/local/bin/yarn

PATH: 
  /Users/paulbarrick:/usr/bin/python:/Users/paulbarrick:/Users/peb7268/Desktop/dev/vagrant/projects/intengo/www/bin/chromedriver:/Users/paulbarrick:/Users/peb7268/Desktop/dev/adt-bundle-mac-x86_64-20140702/sdk/tools/:/Users/paulbarrick:./node_modules/.bin:/usr/local/bin:/usr/local/bin/mongodir:vendor/bin:./bin:/usr/local/bin:/usr/bin:/bin:/usr/sbin:/sbin

Yarn version: 
  1.9.4

Node version: 
  8.11.4

Platform: 
  darwin x64

Trace: 
  SyntaxError: /Users/paulbarrick/Desktop/dev/projects/id/site/package.json: Unexpected token / in JSON at position 859
      at JSON.parse (<anonymous>)
      at /usr/local/lib/node_modules/yarn/lib/cli.js:1130:59
      at Generator.next (<anonymous>)
      at step (/usr/local/lib/node_modules/yarn/lib/cli.js:92:30)
      at /usr/local/lib/node_modules/yarn/lib/cli.js:103:13
      at <anonymous>

npm manifest: 
  {
    "name": "imperativedesign",
    "version": "1.0.0",
    "description": "Imperative Design | A full stop web shop",
    "engines": {
      "node": "^8.11.4"
    },
    "main": "server.js",
    "scripts": {
      "start": "clear; node server",
      "startdevserver": "clear; DEBUG=ghost:* DEBUG=knex:* NODE_ENV=development nodemon server",
      "blogdev": "node-sass -w insights/content/themes/slimer/assets/sass -o insights/content/themes/slimer/assets/css/",
      "dev": "node-sass -w public/styles/sass -o public/styles/css/ & browser-sync start -p 'localhost:5000' --files 'public/styles/css'",
      "deploy": "clear; git add . && git commit -m 'heroku deploy' && git push && git push heroku",
      "test": "echo \"Error: no test specified\" && exit 1"
    },
    "author": "",
    "license": "ISC",
    "dependencies": {
      "body-parser": "^1.17.2",
      "express": "^4.15.2",
      // "ghost": "git+https://github.com/GeminiLegend/ghostForBlog.git",
      // "ghost-cli": "^1.3.0",
      // "knex": "^0.14.1",
      // "knex-migrator": "^3.0.7",
      "mandrill-api": "^1.0.45",
      "node-sass": "^4.5.2",
      "pug": "^2.0.0-beta11",
      "rxjs": "^5.4.1"
    },
    "devDependencies": {
      "nodemon": "^1.11.0"
    }
  }

yarn manifest: 
  No manifest

Lockfile: 
  No lockfile
